[  0%] Built target tf_generate_messages_lisp
[  0%] Built target tf2_msgs_generate_messages_cpp
[  0%] Built target std_srvs_generate_messages_py
[  0%] Built target tf2_msgs_generate_messages_nodejs
[  0%] Built target moveit_ros_manipulation_gencfg
[  0%] Built target geometry_msgs_generate_messages_lisp
[  0%] Built target geometry_msgs_generate_messages_eus
[  0%] Built target moveit_ros_planning_gencfg
[  0%] Built target trajectory_msgs_generate_messages_eus
[  0%] Built target trajectory_msgs_generate_messages_lisp
[  8%] Built target moveit_py_bindings_tools
[ 16%] Built target moveit_common_planning_interface_objects
[ 16%] Built target roscpp_generate_messages_py
[ 16%] Built target sensor_msgs_generate_messages_lisp
[ 16%] Built target actionlib_generate_messages_cpp
[ 16%] Built target object_recognition_msgs_generate_messages_eus
[ 16%] Built target std_srvs_generate_messages_cpp
[ 16%] Built target octomap_msgs_generate_messages_eus
[ 16%] Built target std_srvs_generate_messages_lisp
[ 16%] Built target roscpp_generate_messages_cpp
[ 16%] Built target _catkin_empty_exported_target
[ 16%] Built target sensor_msgs_generate_messages_eus
[ 16%] Built target actionlib_msgs_generate_messages_lisp
[ 16%] Built target octomap_msgs_generate_messages_cpp
[ 16%] Built target actionlib_generate_messages_eus
[ 16%] Built target moveit_msgs_generate_messages_eus
[ 16%] Built target geometry_msgs_generate_messages_py
[ 16%] Built target moveit_msgs_generate_messages_py
[ 16%] Built target std_msgs_generate_messages_cpp
[ 16%] Built target tf_generate_messages_eus
[ 16%] Built target actionlib_msgs_generate_messages_cpp
[ 16%] Built target sensor_msgs_generate_messages_nodejs
[ 16%] Built target visualization_msgs_generate_messages_nodejs
[ 16%] Built target moveit_msgs_generate_messages_nodejs
[ 16%] Built target actionlib_msgs_generate_messages_nodejs
[ 16%] Built target trajectory_msgs_generate_messages_py
[ 16%] Built target visualization_msgs_generate_messages_lisp
[ 16%] Built target std_msgs_generate_messages_eus
[ 16%] Built target geometry_msgs_generate_messages_nodejs
[ 16%] Built target object_recognition_msgs_generate_messages_lisp
[ 16%] Built target actionlib_msgs_generate_messages_py
[ 16%] Built target moveit_msgs_generate_messages_lisp
[ 16%] Built target trajectory_msgs_generate_messages_nodejs
[ 16%] Built target sensor_msgs_generate_messages_py
[ 16%] Built target std_msgs_generate_messages_py
[ 16%] Built target trajectory_msgs_generate_messages_cpp
[ 16%] Built target shape_msgs_generate_messages_py
[ 16%] Built target sensor_msgs_generate_messages_cpp
[ 16%] Built target shape_msgs_generate_messages_cpp
[ 16%] Built target roscpp_generate_messages_nodejs
[ 16%] Built target std_msgs_generate_messages_nodejs
[ 16%] Built target std_msgs_generate_messages_lisp
[ 16%] Built target moveit_msgs_generate_messages_cpp
[ 16%] Built target tf_generate_messages_cpp
[ 16%] Built target actionlib_generate_messages_nodejs
[ 16%] Built target shape_msgs_generate_messages_eus
[ 16%] Built target dynamic_reconfigure_generate_messages_eus
[ 16%] Built target shape_msgs_generate_messages_nodejs
[ 16%] Built target tf2_msgs_generate_messages_py
[ 16%] Built target actionlib_generate_messages_py
[ 16%] Built target tf2_msgs_generate_messages_eus
[ 16%] Built target object_recognition_msgs_generate_messages_nodejs
[ 16%] Built target visualization_msgs_generate_messages_cpp
[ 16%] Built target std_srvs_generate_messages_nodejs
[ 16%] Built target object_recognition_msgs_generate_messages_py
[ 16%] Built target octomap_msgs_generate_messages_nodejs
[ 16%] Built target octomap_msgs_generate_messages_py
[ 16%] Built target tf_generate_messages_nodejs
[ 16%] Built target geometry_msgs_generate_messages_cpp
[ 16%] Built target std_srvs_generate_messages_eus
[ 16%] Built target actionlib_generate_messages_lisp
[ 16%] Built target octomap_msgs_generate_messages_lisp
[ 16%] Built target rosgraph_msgs_generate_messages_cpp
[ 16%] Built target roscpp_generate_messages_lisp
[ 16%] Built target tf_generate_messages_py
[ 16%] Built target dynamic_reconfigure_generate_messages_cpp
[ 16%] Built target rosgraph_msgs_generate_messages_lisp
[ 16%] Built target object_recognition_msgs_generate_messages_cpp
[ 16%] Built target rosgraph_msgs_generate_messages_eus
[ 16%] Built target rosgraph_msgs_generate_messages_nodejs
[ 16%] Built target roscpp_generate_messages_eus
[ 16%] Built target actionlib_msgs_generate_messages_eus
[ 16%] Built target rosgraph_msgs_generate_messages_py
[ 16%] Built target dynamic_reconfigure_generate_messages_lisp
[ 16%] Built target visualization_msgs_generate_messages_py
[ 16%] Built target dynamic_reconfigure_generate_messages_nodejs
[ 16%] Built target tf2_msgs_generate_messages_lisp
[ 16%] Built target dynamic_reconfigure_gencfg
[ 16%] Built target visualization_msgs_generate_messages_eus
[ 16%] Built target shape_msgs_generate_messages_lisp
[ 16%] Built target dynamic_reconfigure_generate_messages_py
[ 24%] Built target moveit_py_bindings_tools_python
[ 32%] Built target moveit_planning_interface_test_serialize_msg_cpp_helper
[ 40%] Built target moveit_planning_scene_interface
[ 48%] Built target moveit_robot_interface_python
[ 56%] Built target moveit_planning_scene_interface_python
[ 64%] Built target moveit_move_group_interface
[ 76%] Built target moveit_cpp
[ 92%] Built target test_cleanup
[ 92%] Built target demo
[100%] Built target moveit_move_group_interface_python
